0 info it worked if it ends with ok
1 verbose cli [ 'E:\\node.exe',
1 verbose cli   'E:\\node_modules\\npm\\bin\\npm-cli.js',
1 verbose cli   'run',
1 verbose cli   'dev' ]
2 info using npm@3.10.9
3 info using node@v6.9.2
4 verbose run-script [ 'predev', 'dev', 'postdev' ]
5 info lifecycle new-year@0.1.0~predev: new-year@0.1.0
6 silly lifecycle new-year@0.1.0~predev: no script for predev, continuing
7 info lifecycle new-year@0.1.0~dev: new-year@0.1.0
8 verbose lifecycle new-year@0.1.0~dev: unsafe-perm in lifecycle true
9 verbose lifecycle new-year@0.1.0~dev: PATH: E:\node_modules\npm\bin\node-gyp-bin;D:\new-year\node_modules\.bin;C:\Users\cat\AppData\Roaming\npm;E:\;C:\Windows\system32;C:\Windows;C:\Windows\System32\Wbem;C:\Windows\System32\WindowsPowerShell\v1.0\;C:\Program Files (x86)\ATI Technologies\ATI.ACE\Core-Static;D:\Program Files\TortoiseSVN\bin;E:\;C:\Users\cat\AppData\Roaming\npm
10 verbose lifecycle new-year@0.1.0~dev: CWD: D:\new-year
11 silly lifecycle new-year@0.1.0~dev: Args: [ '/d /s /c', 'npm-run-all --parallel watchify serve' ]
12 verbose stack Error: kill ENOSYS
12 verbose stack     at exports._errnoException (util.js:1022:11)
12 verbose stack     at process.kill (internal/process.js:172:13)
12 verbose stack     at process.listener (E:\node_modules\npm\node_modules\npmlog\node_modules\gauge\node_modules\signal-exit\index.js:86:15)
12 verbose stack     at emitNone (events.js:91:20)
12 verbose stack     at process.emit (events.js:185:7)
12 verbose stack     at processEmit (E:\node_modules\npm\node_modules\npmlog\node_modules\gauge\node_modules\signal-exit\index.js:146:32)
12 verbose stack     at processEmit (E:\node_modules\npm\node_modules\npm-registry-client\node_modules\npmlog\node_modules\gauge\node_modules\signal-exit\index.js:146:32)
12 verbose stack     at Signal.wrap.onsignal (internal/process.js:199:44)
13 verbose cwd D:\new-year
14 error Windows_NT 6.1.7601
15 error argv "E:\\node.exe" "E:\\node_modules\\npm\\bin\\npm-cli.js" "run" "dev"
16 error node v6.9.2
17 error npm  v3.10.9
18 error code ENOSYS
19 error errno ENOSYS
20 error syscall kill
21 error kill ENOSYS
22 error If you need help, you may report this error at:
22 error     <https://github.com/npm/npm/issues>
23 verbose exit [ 1, true ]
